<html>
<head>
<title>TestNG:  Test(failed)</title>
<link href="../testng.css" rel="stylesheet" type="text/css" />
<link href="../my-testng.css" rel="stylesheet" type="text/css" />

<style type="text/css">
.log { display: none;} 
.stack-trace { display: none;} 
</style>
<script type="text/javascript">
<!--
function flip(e) {
  current = e.style.display;
  if (current == 'block') {
    e.style.display = 'none';
    return 0;
  }
  else {
    e.style.display = 'block';
    return 1;
  }
}

function toggleBox(szDivId, elem, msg1, msg2)
{
  var res = -1;  if (document.getElementById) {
    res = flip(document.getElementById(szDivId));
  }
  else if (document.all) {
    // this is the way old msie versions work
    res = flip(document.all[szDivId]);
  }
  if(elem) {
    if(res == 0) elem.innerHTML = msg1; else elem.innerHTML = msg2;
  }

}

function toggleAllBoxes() {
  if (document.getElementsByTagName) {
    d = document.getElementsByTagName('div');
    for (i = 0; i < d.length; i++) {
      if (d[i].className == 'log') {
        flip(d[i]);
      }
    }
  }
}

// -->
</script>

</head>
<body>
<h2 align='center'>Test(failed)</h2><table border='1' align="center">
<tr>
<td>Tests passed/Failed/Skipped:</td><td>0/2/0</td>
</tr><tr>
<td>Started on:</td><td>Thu Nov 24 20:55:32 IST 2022</td>
</tr>
<tr><td>Total time:</td><td>9 seconds (9037 ms)</td>
</tr><tr>
<td>Included groups:</td><td></td>
</tr><tr>
<td>Excluded groups:</td><td></td>
</tr>
</table><p/>
<small><i>(Hover the method name to see the test class name)</i></small><p/>
<table width='100%' border='1' class='invocation-failed'>
<tr><td colspan='4' align='center'><b>FAILED TESTS</b></td></tr>
<tr><td><b>Test method</b></td>
<td width="30%"><b>Exception</b></td>
<td width="10%"><b>Time (seconds)</b></td>
<td><b>Instance</b></td>
</tr>
<tr>
<td title='test.PhpTravels.SeleTest.testDemoQA()'><b>testDemoQA</b><br>Test class: test.PhpTravels.SeleTest</td>
<td><div><pre>org.testng.internal.thread.ThreadTimeoutException: Method org.testng.internal.TestNGMethod.testDemoQA() didn&apos;t finish within the time-out 1000
	at java.base@17.0.4.1/java.io.WinNTFileSystem.getBooleanAttributes(Native Method)
	at java.base@17.0.4.1/java.io.FileSystem.hasBooleanAttributes(FileSystem.java:125)
	at java.base@17.0.4.1/java.io.File.exists(File.java:834)
	at java.base@17.0.4.1/jdk.internal.loader.URLClassPath$FileLoader.getResource(URLClassPath.java:1262)
	at java.base@17.0.4.1/jdk.internal.loader.URLClassPath.getResource(URLClassPath.java:319)
	at java.base@17.0.4.1/jdk.internal.loader.BuiltinClassLoader.findClassOnClassPathOrNull(BuiltinClassLoader.java:757)
	at java.base@17.0.4.1/jdk.internal.loader.BuiltinClassLoader.loadClassOrNull(BuiltinClassLoader.java:681)
	at java.base@17.0.4.1/jdk.internal.loader.BuiltinClassLoader.loadClass(BuiltinClassLoader.java:639)
	at java.base@17.0.4.1/jdk.internal.loader.ClassLoaders$AppClassLoader.loadClass(ClassLoaders.java:188)
	at java.base@17.0.4.1/java.lang.ClassLoader.loadClass(ClassLoader.java:520)
	at app//org.openqa.selenium.remote.service.DriverCommandExecutor.execute(DriverCommandExecutor.java:144)
	at app//org.openqa.selenium.remote.RemoteWebDriver.execute(RemoteWebDriver.java:541)
	at app//org.openqa.selenium.remote.RemoteWebDriver.get(RemoteWebDriver.java:310)
	at app//org.openqa.selenium.remote.RemoteWebDriver$RemoteNavigation.to(RemoteWebDriver.java:981)
	at app//test.PhpTravels.SeleTest.testDemoQA(SeleTest.java:32)
	at java.base@17.0.4.1/java.util.concurrent.Executors$RunnableAdapter.call(Executors.java:539)
	at java.base@17.0.4.1/java.util.concurrent.FutureTask.run(FutureTask.java:264)
	at java.base@17.0.4.1/java.util.concurrent.ThreadPoolExecutor.runWorker(ThreadPoolExecutor.java:1136)
	at java.base@17.0.4.1/java.util.concurrent.ThreadPoolExecutor$Worker.run(ThreadPoolExecutor.java:635)
	at java.base@17.0.4.1/java.lang.Thread.run(Thread.java:833)
... Removed 7 stack frames</pre></div><a href='#' onClick='toggleBox("stack-trace1293885429", this, "Click to show all stack frames", "Click to hide stack frames")'>Click to show all stack frames</a>
<div class='stack-trace' id='stack-trace1293885429'><pre>org.testng.internal.thread.ThreadTimeoutException: Method org.testng.internal.TestNGMethod.testDemoQA() didn&apos;t finish within the time-out 1000
	at java.base@17.0.4.1/java.io.WinNTFileSystem.getBooleanAttributes(Native Method)
	at java.base@17.0.4.1/java.io.FileSystem.hasBooleanAttributes(FileSystem.java:125)
	at java.base@17.0.4.1/java.io.File.exists(File.java:834)
	at java.base@17.0.4.1/jdk.internal.loader.URLClassPath$FileLoader.getResource(URLClassPath.java:1262)
	at java.base@17.0.4.1/jdk.internal.loader.URLClassPath.getResource(URLClassPath.java:319)
	at java.base@17.0.4.1/jdk.internal.loader.BuiltinClassLoader.findClassOnClassPathOrNull(BuiltinClassLoader.java:757)
	at java.base@17.0.4.1/jdk.internal.loader.BuiltinClassLoader.loadClassOrNull(BuiltinClassLoader.java:681)
	at java.base@17.0.4.1/jdk.internal.loader.BuiltinClassLoader.loadClass(BuiltinClassLoader.java:639)
	at java.base@17.0.4.1/jdk.internal.loader.ClassLoaders$AppClassLoader.loadClass(ClassLoaders.java:188)
	at java.base@17.0.4.1/java.lang.ClassLoader.loadClass(ClassLoader.java:520)
	at app//org.openqa.selenium.remote.service.DriverCommandExecutor.execute(DriverCommandExecutor.java:144)
	at app//org.openqa.selenium.remote.RemoteWebDriver.execute(RemoteWebDriver.java:541)
	at app//org.openqa.selenium.remote.RemoteWebDriver.get(RemoteWebDriver.java:310)
	at app//org.openqa.selenium.remote.RemoteWebDriver$RemoteNavigation.to(RemoteWebDriver.java:981)
	at app//test.PhpTravels.SeleTest.testDemoQA(SeleTest.java:32)
	at java.base@17.0.4.1/jdk.internal.reflect.NativeMethodAccessorImpl.invoke0(Native Method)
	at java.base@17.0.4.1/jdk.internal.reflect.NativeMethodAccessorImpl.invoke(NativeMethodAccessorImpl.java:77)
	at java.base@17.0.4.1/jdk.internal.reflect.DelegatingMethodAccessorImpl.invoke(DelegatingMethodAccessorImpl.java:43)
	at java.base@17.0.4.1/java.lang.reflect.Method.invoke(Method.java:568)
	at app//org.testng.internal.MethodInvocationHelper.invokeMethod(MethodInvocationHelper.java:80)
	at app//org.testng.internal.InvokeMethodRunnable.runOne(InvokeMethodRunnable.java:46)
	at app//org.testng.internal.InvokeMethodRunnable.run(InvokeMethodRunnable.java:37)
	at java.base@17.0.4.1/java.util.concurrent.Executors$RunnableAdapter.call(Executors.java:539)
	at java.base@17.0.4.1/java.util.concurrent.FutureTask.run(FutureTask.java:264)
	at java.base@17.0.4.1/java.util.concurrent.ThreadPoolExecutor.runWorker(ThreadPoolExecutor.java:1136)
	at java.base@17.0.4.1/java.util.concurrent.ThreadPoolExecutor$Worker.run(ThreadPoolExecutor.java:635)
	at java.base@17.0.4.1/java.lang.Thread.run(Thread.java:833)
</pre></div></td>
<td>1</td>
<td>test.PhpTravels.SeleTest@44a7bfbc</td></tr>
<tr>
<td title='test.PhpTravels.SeleTest.testIrctc()'><b>testIrctc</b><br>Test class: test.PhpTravels.SeleTest<br>Parameters: https://irctc.com</td>
<td><div><pre>org.testng.internal.thread.ThreadTimeoutException: Method org.testng.internal.TestNGMethod.testIrctc() didn&apos;t finish within the time-out 1000
	at java.base@17.0.4.1/java.lang.Throwable.fillInStackTrace(Native Method)
	at java.base@17.0.4.1/java.lang.Throwable.fillInStackTrace(Throwable.java:798)
	at java.base@17.0.4.1/java.lang.Throwable.&lt;init&gt;(Throwable.java:256)
	at java.base@17.0.4.1/java.lang.Exception.&lt;init&gt;(Exception.java:55)
	at java.base@17.0.4.1/java.lang.InterruptedException.&lt;init&gt;(InterruptedException.java:57)
	at java.base@17.0.4.1/java.util.concurrent.CompletableFuture.reportGet(CompletableFuture.java:386)
	at java.base@17.0.4.1/java.util.concurrent.CompletableFuture.get(CompletableFuture.java:2096)
	at app//org.asynchttpclient.netty.NettyResponseFuture.get(NettyResponseFuture.java:206)
	at app//org.openqa.selenium.remote.http.netty.NettyHttpHandler.makeCall(NettyHttpHandler.java:59)
	at app//org.openqa.selenium.remote.http.netty.NettyHttpHandler$$Lambda$132/0x00000001002a9440.execute(Unknown Source)
	at app//org.openqa.selenium.remote.http.AddSeleniumUserAgent.lambda$apply$0(AddSeleniumUserAgent.java:42)
	at app//org.openqa.selenium.remote.http.AddSeleniumUserAgent$$Lambda$329/0x000000010032fc50.execute(Unknown Source)
	at app//org.openqa.selenium.remote.http.Filter.lambda$andFinally$1(Filter.java:56)
	at app//org.openqa.selenium.remote.http.Filter$$Lambda$133/0x00000001002a9670.execute(Unknown Source)
	at app//org.openqa.selenium.remote.http.netty.NettyHttpHandler.execute(NettyHttpHandler.java:49)
	at app//org.openqa.selenium.remote.http.AddSeleniumUserAgent.lambda$apply$0(AddSeleniumUserAgent.java:42)
	at app//org.openqa.selenium.remote.http.AddSeleniumUserAgent$$Lambda$329/0x000000010032fc50.execute(Unknown Source)
	at app//org.openqa.selenium.remote.http.Filter.lambda$andFinally$1(Filter.java:56)
	at app//org.openqa.selenium.remote.http.Filter$$Lambda$133/0x00000001002a9670.execute(Unknown Source)
	at app//org.openqa.selenium.remote.http.netty.NettyClient.execute(NettyClient.java:99)
	at app//org.openqa.selenium.remote.HttpCommandExecutor.execute(HttpCommandExecutor.java:181)
	at app//org.openqa.selenium.remote.service.DriverCommandExecutor.invokeExecute(DriverCommandExecutor.java:167)
	at app//org.openqa.selenium.remote.service.DriverCommandExecutor.execute(DriverCommandExecutor.java:142)
	at app//org.openqa.selenium.remote.RemoteWebDriver.execute(RemoteWebDriver.java:541)
	at app//org.openqa.selenium.remote.RemoteWebDriver.execute(RemoteWebDriver.java:596)
	at app//org.openqa.selenium.remote.RemoteWebDriver.execute(RemoteWebDriver.java:600)
	at app//org.openqa.selenium.remote.RemoteWebDriver.getWindowHandle(RemoteWebDriver.java:465)
	at app//org.openqa.selenium.remote.RemoteWebDriver$RemoteTargetLocator.newWindow(RemoteWebDriver.java:1052)
	at app//test.PhpTravels.SeleTest.testIrctc(SeleTest.java:40)
	at java.base@17.0.4.1/java.util.concurrent.Executors$RunnableAdapter.call(Executors.java:539)
	at java.base@17.0.4.1/java.util.concurrent.FutureTask.run(FutureTask.java:264)
	at java.base@17.0.4.1/java.util.concurrent.ThreadPoolExecutor.runWorker(ThreadPoolExecutor.java:1136)
	at java.base@17.0.4.1/java.util.concurrent.ThreadPoolExecutor$Worker.run(ThreadPoolExecutor.java:635)
	at java.base@17.0.4.1/java.lang.Thread.run(Thread.java:833)
... Removed 7 stack frames</pre></div><a href='#' onClick='toggleBox("stack-trace245220560", this, "Click to show all stack frames", "Click to hide stack frames")'>Click to show all stack frames</a>
<div class='stack-trace' id='stack-trace245220560'><pre>org.testng.internal.thread.ThreadTimeoutException: Method org.testng.internal.TestNGMethod.testIrctc() didn&apos;t finish within the time-out 1000
	at java.base@17.0.4.1/java.lang.Throwable.fillInStackTrace(Native Method)
	at java.base@17.0.4.1/java.lang.Throwable.fillInStackTrace(Throwable.java:798)
	at java.base@17.0.4.1/java.lang.Throwable.&lt;init&gt;(Throwable.java:256)
	at java.base@17.0.4.1/java.lang.Exception.&lt;init&gt;(Exception.java:55)
	at java.base@17.0.4.1/java.lang.InterruptedException.&lt;init&gt;(InterruptedException.java:57)
	at java.base@17.0.4.1/java.util.concurrent.CompletableFuture.reportGet(CompletableFuture.java:386)
	at java.base@17.0.4.1/java.util.concurrent.CompletableFuture.get(CompletableFuture.java:2096)
	at app//org.asynchttpclient.netty.NettyResponseFuture.get(NettyResponseFuture.java:206)
	at app//org.openqa.selenium.remote.http.netty.NettyHttpHandler.makeCall(NettyHttpHandler.java:59)
	at app//org.openqa.selenium.remote.http.netty.NettyHttpHandler$$Lambda$132/0x00000001002a9440.execute(Unknown Source)
	at app//org.openqa.selenium.remote.http.AddSeleniumUserAgent.lambda$apply$0(AddSeleniumUserAgent.java:42)
	at app//org.openqa.selenium.remote.http.AddSeleniumUserAgent$$Lambda$329/0x000000010032fc50.execute(Unknown Source)
	at app//org.openqa.selenium.remote.http.Filter.lambda$andFinally$1(Filter.java:56)
	at app//org.openqa.selenium.remote.http.Filter$$Lambda$133/0x00000001002a9670.execute(Unknown Source)
	at app//org.openqa.selenium.remote.http.netty.NettyHttpHandler.execute(NettyHttpHandler.java:49)
	at app//org.openqa.selenium.remote.http.AddSeleniumUserAgent.lambda$apply$0(AddSeleniumUserAgent.java:42)
	at app//org.openqa.selenium.remote.http.AddSeleniumUserAgent$$Lambda$329/0x000000010032fc50.execute(Unknown Source)
	at app//org.openqa.selenium.remote.http.Filter.lambda$andFinally$1(Filter.java:56)
	at app//org.openqa.selenium.remote.http.Filter$$Lambda$133/0x00000001002a9670.execute(Unknown Source)
	at app//org.openqa.selenium.remote.http.netty.NettyClient.execute(NettyClient.java:99)
	at app//org.openqa.selenium.remote.HttpCommandExecutor.execute(HttpCommandExecutor.java:181)
	at app//org.openqa.selenium.remote.service.DriverCommandExecutor.invokeExecute(DriverCommandExecutor.java:167)
	at app//org.openqa.selenium.remote.service.DriverCommandExecutor.execute(DriverCommandExecutor.java:142)
	at app//org.openqa.selenium.remote.RemoteWebDriver.execute(RemoteWebDriver.java:541)
	at app//org.openqa.selenium.remote.RemoteWebDriver.execute(RemoteWebDriver.java:596)
	at app//org.openqa.selenium.remote.RemoteWebDriver.execute(RemoteWebDriver.java:600)
	at app//org.openqa.selenium.remote.RemoteWebDriver.getWindowHandle(RemoteWebDriver.java:465)
	at app//org.openqa.selenium.remote.RemoteWebDriver$RemoteTargetLocator.newWindow(RemoteWebDriver.java:1052)
	at app//test.PhpTravels.SeleTest.testIrctc(SeleTest.java:40)
	at java.base@17.0.4.1/jdk.internal.reflect.NativeMethodAccessorImpl.invoke0(Native Method)
	at java.base@17.0.4.1/jdk.internal.reflect.NativeMethodAccessorImpl.invoke(NativeMethodAccessorImpl.java:77)
	at java.base@17.0.4.1/jdk.internal.reflect.DelegatingMethodAccessorImpl.invoke(DelegatingMethodAccessorImpl.java:43)
	at java.base@17.0.4.1/java.lang.reflect.Method.invoke(Method.java:568)
	at app//org.testng.internal.MethodInvocationHelper.invokeMethod(MethodInvocationHelper.java:80)
	at app//org.testng.internal.InvokeMethodRunnable.runOne(InvokeMethodRunnable.java:46)
	at app//org.testng.internal.InvokeMethodRunnable.run(InvokeMethodRunnable.java:37)
	at java.base@17.0.4.1/java.util.concurrent.Executors$RunnableAdapter.call(Executors.java:539)
	at java.base@17.0.4.1/java.util.concurrent.FutureTask.run(FutureTask.java:264)
	at java.base@17.0.4.1/java.util.concurrent.ThreadPoolExecutor.runWorker(ThreadPoolExecutor.java:1136)
	at java.base@17.0.4.1/java.util.concurrent.ThreadPoolExecutor$Worker.run(ThreadPoolExecutor.java:635)
	at java.base@17.0.4.1/java.lang.Thread.run(Thread.java:833)
</pre></div></td>
<td>1</td>
<td>test.PhpTravels.SeleTest@44a7bfbc</td></tr>
</table><p>
</body>
</html>