<?xml version="1.0" encoding="UTF-8"?>
<!-- Generated by org.testng.reporters.JUnitXMLReporter -->
<testsuite hostname="LAPTOP-32GN0UI0" failures="2" tests="2" name="Test(failed)" time="9.037" errors="0" timestamp="24 Nov 2022 15:25:41 GMT">
  <testcase classname="test.PhpTravels.SeleTest" name="testDemoQA" time="1.024">
    <failure type="org.testng.internal.thread.ThreadTimeoutException" message="Method org.testng.internal.TestNGMethod.testDemoQA() didn&amp;apos;t finish within the time-out 1000">
      <![CDATA[org.testng.internal.thread.ThreadTimeoutException: Method org.testng.internal.TestNGMethod.testDemoQA() didn't finish within the time-out 1000
	at java.base@17.0.4.1/java.io.WinNTFileSystem.getBooleanAttributes(Native Method)
	at java.base@17.0.4.1/java.io.FileSystem.hasBooleanAttributes(FileSystem.java:125)
	at java.base@17.0.4.1/java.io.File.exists(File.java:834)
	at java.base@17.0.4.1/jdk.internal.loader.URLClassPath$FileLoader.getResource(URLClassPath.java:1262)
	at java.base@17.0.4.1/jdk.internal.loader.URLClassPath.getResource(URLClassPath.java:319)
	at java.base@17.0.4.1/jdk.internal.loader.BuiltinClassLoader.findClassOnClassPathOrNull(BuiltinClassLoader.java:757)
	at java.base@17.0.4.1/jdk.internal.loader.BuiltinClassLoader.loadClassOrNull(BuiltinClassLoader.java:681)
	at java.base@17.0.4.1/jdk.internal.loader.BuiltinClassLoader.loadClass(BuiltinClassLoader.java:639)
	at java.base@17.0.4.1/jdk.internal.loader.ClassLoaders$AppClassLoader.loadClass(ClassLoaders.java:188)
	at java.base@17.0.4.1/java.lang.ClassLoader.loadClass(ClassLoader.java:520)
	at app//org.openqa.selenium.remote.service.DriverCommandExecutor.execute(DriverCommandExecutor.java:144)
	at app//org.openqa.selenium.remote.RemoteWebDriver.execute(RemoteWebDriver.java:541)
	at app//org.openqa.selenium.remote.RemoteWebDriver.get(RemoteWebDriver.java:310)
	at app//org.openqa.selenium.remote.RemoteWebDriver$RemoteNavigation.to(RemoteWebDriver.java:981)
	at app//test.PhpTravels.SeleTest.testDemoQA(SeleTest.java:32)
	at java.base@17.0.4.1/java.util.concurrent.Executors$RunnableAdapter.call(Executors.java:539)
	at java.base@17.0.4.1/java.util.concurrent.FutureTask.run(FutureTask.java:264)
	at java.base@17.0.4.1/java.util.concurrent.ThreadPoolExecutor.runWorker(ThreadPoolExecutor.java:1136)
	at java.base@17.0.4.1/java.util.concurrent.ThreadPoolExecutor$Worker.run(ThreadPoolExecutor.java:635)
	at java.base@17.0.4.1/java.lang.Thread.run(Thread.java:833)
... Removed 7 stack frames]]>
    </failure>
  </testcase> <!-- testDemoQA -->
  <testcase classname="test.PhpTravels.SeleTest" name="testIrctc" time="1.008">
    <failure type="org.testng.internal.thread.ThreadTimeoutException" message="Method org.testng.internal.TestNGMethod.testIrctc() didn&amp;apos;t finish within the time-out 1000">
      <![CDATA[org.testng.internal.thread.ThreadTimeoutException: Method org.testng.internal.TestNGMethod.testIrctc() didn't finish within the time-out 1000
	at java.base@17.0.4.1/java.lang.Throwable.fillInStackTrace(Native Method)
	at java.base@17.0.4.1/java.lang.Throwable.fillInStackTrace(Throwable.java:798)
	at java.base@17.0.4.1/java.lang.Throwable.<init>(Throwable.java:256)
	at java.base@17.0.4.1/java.lang.Exception.<init>(Exception.java:55)
	at java.base@17.0.4.1/java.lang.InterruptedException.<init>(InterruptedException.java:57)
	at java.base@17.0.4.1/java.util.concurrent.CompletableFuture.reportGet(CompletableFuture.java:386)
	at java.base@17.0.4.1/java.util.concurrent.CompletableFuture.get(CompletableFuture.java:2096)
	at app//org.asynchttpclient.netty.NettyResponseFuture.get(NettyResponseFuture.java:206)
	at app//org.openqa.selenium.remote.http.netty.NettyHttpHandler.makeCall(NettyHttpHandler.java:59)
	at app//org.openqa.selenium.remote.http.netty.NettyHttpHandler$$Lambda$132/0x00000001002a9440.execute(Unknown Source)
	at app//org.openqa.selenium.remote.http.AddSeleniumUserAgent.lambda$apply$0(AddSeleniumUserAgent.java:42)
	at app//org.openqa.selenium.remote.http.AddSeleniumUserAgent$$Lambda$329/0x000000010032fc50.execute(Unknown Source)
	at app//org.openqa.selenium.remote.http.Filter.lambda$andFinally$1(Filter.java:56)
	at app//org.openqa.selenium.remote.http.Filter$$Lambda$133/0x00000001002a9670.execute(Unknown Source)
	at app//org.openqa.selenium.remote.http.netty.NettyHttpHandler.execute(NettyHttpHandler.java:49)
	at app//org.openqa.selenium.remote.http.AddSeleniumUserAgent.lambda$apply$0(AddSeleniumUserAgent.java:42)
	at app//org.openqa.selenium.remote.http.AddSeleniumUserAgent$$Lambda$329/0x000000010032fc50.execute(Unknown Source)
	at app//org.openqa.selenium.remote.http.Filter.lambda$andFinally$1(Filter.java:56)
	at app//org.openqa.selenium.remote.http.Filter$$Lambda$133/0x00000001002a9670.execute(Unknown Source)
	at app//org.openqa.selenium.remote.http.netty.NettyClient.execute(NettyClient.java:99)
	at app//org.openqa.selenium.remote.HttpCommandExecutor.execute(HttpCommandExecutor.java:181)
	at app//org.openqa.selenium.remote.service.DriverCommandExecutor.invokeExecute(DriverCommandExecutor.java:167)
	at app//org.openqa.selenium.remote.service.DriverCommandExecutor.execute(DriverCommandExecutor.java:142)
	at app//org.openqa.selenium.remote.RemoteWebDriver.execute(RemoteWebDriver.java:541)
	at app//org.openqa.selenium.remote.RemoteWebDriver.execute(RemoteWebDriver.java:596)
	at app//org.openqa.selenium.remote.RemoteWebDriver.execute(RemoteWebDriver.java:600)
	at app//org.openqa.selenium.remote.RemoteWebDriver.getWindowHandle(RemoteWebDriver.java:465)
	at app//org.openqa.selenium.remote.RemoteWebDriver$RemoteTargetLocator.newWindow(RemoteWebDriver.java:1052)
	at app//test.PhpTravels.SeleTest.testIrctc(SeleTest.java:40)
	at java.base@17.0.4.1/java.util.concurrent.Executors$RunnableAdapter.call(Executors.java:539)
	at java.base@17.0.4.1/java.util.concurrent.FutureTask.run(FutureTask.java:264)
	at java.base@17.0.4.1/java.util.concurrent.ThreadPoolExecutor.runWorker(ThreadPoolExecutor.java:1136)
	at java.base@17.0.4.1/java.util.concurrent.ThreadPoolExecutor$Worker.run(ThreadPoolExecutor.java:635)
	at java.base@17.0.4.1/java.lang.Thread.run(Thread.java:833)
... Removed 7 stack frames]]>
    </failure>
  </testcase> <!-- testIrctc -->
</testsuite> <!-- Test(failed) -->
